Traceback (most recent call last):
  File "main_triton.py", line 38, in <module>
    main(job_id)
  File "main_triton.py", line 26, in main
    df = run(config=config)
  File "/scratch/work/delac1/active-teaching/run/make_data_triton.py", line 179, in run
    pbar.update()
NameError: name 'pbar' is not defined
Traceback (most recent call last):
  File "main_triton.py", line 38, in <module>
    main(job_id)
  File "main_triton.py", line 26, in main
    df = run(config=config)
  File "/scratch/work/delac1/active-teaching/run/make_data_triton.py", line 47, in run
    learnt_threshold=learnt_threshold)
TypeError: create() got an unexpected keyword argument 'learnt_threshold'
srun: error: csl40: task 0: Exited with exit code 1
srun: Terminating job step 55165178.0
srun: error: csl44: task 0: Exited with exit code 1
srun: Terminating job step 55165171.0
srun: error: csl40: task 0: Exited with exit code 1
srun: Terminating job step 55165177.0
srun: error: csl44: task 0: Exited with exit code 1
srun: error: csl23: task 0: Exited with exit code 1
srun: Terminating job step 55165174.0
srun: Terminating job step 55165193.0
srun: error: csl40: task 0: Exited with exit code 1
srun: Terminating job step 55165176.0
Traceback (most recent call last):
  File "main_triton.py", line 38, in <module>
    main(job_id)
  File "main_triton.py", line 26, in main
    df = run(config=config)
  File "/scratch/work/delac1/active-teaching/run/make_data_triton.py", line 47, in run
    learnt_threshold=learnt_threshold)
TypeError: create() got an unexpected keyword argument 'learnt_threshold'
srun: error: csl23: task 0: Exited with exit code 1
srun: Terminating job step 55165190.0
Traceback (most recent call last):
  File "main_triton.py", line 38, in <module>
    main(job_id)
  File "main_triton.py", line 26, in main
    df = run(config=config)
  File "/scratch/work/delac1/active-teaching/run/make_data_triton.py", line 47, in run
    learnt_threshold=learnt_threshold)
TypeError: create() got an unexpected keyword argument 'learnt_threshold'
Traceback (most recent call last):
  File "main_triton.py", line 38, in <module>
    main(job_id)
  File "main_triton.py", line 26, in main
    df = run(config=config)
  File "/scratch/work/delac1/active-teaching/run/make_data_triton.py", line 47, in run
    learnt_threshold=learnt_threshold)
TypeError: create() got an unexpected keyword argument 'learnt_threshold'
srun: error: csl44: task 0: Exited with exit code 1
srun: Terminating job step 55165175.0
Traceback (most recent call last):
  File "main_triton.py", line 38, in <module>
    main(job_id)
  File "main_triton.py", line 26, in main
    df = run(config=config)
  File "/scratch/work/delac1/active-teaching/run/make_data_triton.py", line 47, in run
    learnt_threshold=learnt_threshold)
TypeError: create() got an unexpected keyword argument 'learnt_threshold'
Traceback (most recent call last):
  File "main_triton.py", line 38, in <module>
    main(job_id)
  File "main_triton.py", line 26, in main
    df = run(config=config)
  File "/scratch/work/delac1/active-teaching/run/make_data_triton.py", line 47, in run
    learnt_threshold=learnt_threshold)
TypeError: create() got an unexpected keyword argument 'learnt_threshold'
Traceback (most recent call last):
  File "main_triton.py", line 38, in <module>
    main(job_id)
  File "main_triton.py", line 26, in main
    df = run(config=config)
  File "/scratch/work/delac1/active-teaching/run/make_data_triton.py", line 47, in run
    learnt_threshold=learnt_threshold)
TypeError: create() got an unexpected keyword argument 'learnt_threshold'
Traceback (most recent call last):
  File "main_triton.py", line 38, in <module>
    main(job_id)
  File "main_triton.py", line 26, in main
    df = run(config=config)
  File "/scratch/work/delac1/active-teaching/run/make_data_triton.py", line 47, in run
    learnt_threshold=learnt_threshold)
TypeError: create() got an unexpected keyword argument 'learnt_threshold'
srun: error: csl23: task 0: Exited with exit code 1
srun: Terminating job step 55165189.0
Traceback (most recent call last):
srun: error: csl44: task 0: Exited with exit code 1
  File "main_triton.py", line 38, in <module>
srun: Terminating job step 55165173.0
    main(job_id)
  File "main_triton.py", line 26, in main
    df = run(config=config)
  File "/scratch/work/delac1/active-teaching/run/make_data_triton.py", line 47, in run
    learnt_threshold=learnt_threshold)
TypeError: create() got an unexpected keyword argument 'learnt_threshold'
Traceback (most recent call last):
  File "main_triton.py", line 38, in <module>
    main(job_id)
  File "main_triton.py", line 26, in main
    df = run(config=config)
  File "/scratch/work/delac1/active-teaching/run/make_data_triton.py", line 47, in run
    learnt_threshold=learnt_threshold)
TypeError: create() got an unexpected keyword argument 'learnt_threshold'
srun: error: csl23: task 0: Exited with exit code 1
srun: error: csl23: task 0: Exited with exit code 1
srun: Terminating job step 55165192.0
srun: Terminating job step 55165188.0
Traceback (most recent call last):
  File "main_triton.py", line 38, in <module>
    main(job_id)
  File "main_triton.py", line 26, in main
    df = run(config=config)
  File "/scratch/work/delac1/active-teaching/run/make_data_triton.py", line 47, in run
    learnt_threshold=learnt_threshold)
TypeError: create() got an unexpected keyword argument 'learnt_threshold'
srun: error: csl20: task 0: Exited with exit code 1
srun: Terminating job step 55165196.0
Traceback (most recent call last):
  File "main_triton.py", line 38, in <module>
    main(job_id)
  File "main_triton.py", line 26, in main
    df = run(config=config)
  File "/scratch/work/delac1/active-teaching/run/make_data_triton.py", line 47, in run
    learnt_threshold=learnt_threshold)
TypeError: create() got an unexpected keyword argument 'learnt_threshold'
srun: error: csl23: task 0: Exited with exit code 1
srun: error: csl23: task 0: Exited with exit code 1
srun: Terminating job step 55165187.0
srun: Terminating job step 55165191.0
Traceback (most recent call last):
  File "main_triton.py", line 38, in <module>
    main(job_id)
  File "main_triton.py", line 26, in main
    df = run(config=config)
  File "/scratch/work/delac1/active-teaching/run/make_data_triton.py", line 47, in run
    learnt_threshold=learnt_threshold)
TypeError: create() got an unexpected keyword argument 'learnt_threshold'
Traceback (most recent call last):
  File "main_triton.py", line 38, in <module>
    main(job_id)
  File "main_triton.py", line 26, in main
    df = run(config=config)
  File "/scratch/work/delac1/active-teaching/run/make_data_triton.py", line 47, in run
    learnt_threshold=learnt_threshold)
TypeError: create() got an unexpected keyword argument 'learnt_threshold'
srun: error: csl20: task 0: Exited with exit code 1
srun: Terminating job step 55165194.0
srun: error: csl20: task 0: Exited with exit code 1
srun: Terminating job step 55165197.0
srun: error: csl20: task 0: Exited with exit code 1
srun: Terminating job step 55165199.0
Traceback (most recent call last):
  File "main_triton.py", line 38, in <module>
    main(job_id)
  File "main_triton.py", line 26, in main
    df = run(config=config)
  File "/scratch/work/delac1/active-teaching/run/make_data_triton.py", line 47, in run
    learnt_threshold=learnt_threshold)
TypeError: create() got an unexpected keyword argument 'learnt_threshold'
srun: error: csl20: task 0: Exited with exit code 1
srun: Terminating job step 55165201.0
srun: error: csl20: task 0: Exited with exit code 1
srun: Terminating job step 55165198.0
srun: error: csl20: task 0: Exited with exit code 1
srun: Terminating job step 55165200.0
srun: error: csl20: task 0: Exited with exit code 1
srun: Terminating job step 55165202.0
srun: error: csl20: task 0: Exited with exit code 1
srun: Terminating job step 55165195.0
Traceback (most recent call last):
  File "main_triton.py", line 38, in <module>
    main(job_id)
  File "main_triton.py", line 26, in main
    df = run(config=config)
  File "/scratch/work/delac1/active-teaching/run/make_data_triton.py", line 47, in run
    learnt_threshold=learnt_threshold)
TypeError: create() got an unexpected keyword argument 'learnt_threshold'
Traceback (most recent call last):
  File "main_triton.py", line 38, in <module>
    main(job_id)
  File "main_triton.py", line 26, in main
    df = run(config=config)
  File "/scratch/work/delac1/active-teaching/run/make_data_triton.py", line 47, in run
    learnt_threshold=learnt_threshold)
TypeError: create() got an unexpected keyword argument 'learnt_threshold'
Traceback (most recent call last):
  File "main_triton.py", line 38, in <module>
    main(job_id)
  File "main_triton.py", line 26, in main
    df = run(config=config)
  File "/scratch/work/delac1/active-teaching/run/make_data_triton.py", line 47, in run
    learnt_threshold=learnt_threshold)
TypeError: create() got an unexpected keyword argument 'learnt_threshold'
srun: error: csl13: task 0: Exited with exit code 1
srun: Terminating job step 55165204.0
srun: error: csl13: task 0: Exited with exit code 1
srun: Terminating job step 55165205.0
srun: error: csl13: task 0: Exited with exit code 1
srun: Terminating job step 55165206.0
Traceback (most recent call last):
Traceback (most recent call last):
  File "main_triton.py", line 38, in <module>
  File "main_triton.py", line 38, in <module>
    main(job_id)
    main(job_id)
  File "main_triton.py", line 26, in main
  File "main_triton.py", line 26, in main
    df = run(config=config)
    df = run(config=config)
  File "/scratch/work/delac1/active-teaching/run/make_data_triton.py", line 47, in run
  File "/scratch/work/delac1/active-teaching/run/make_data_triton.py", line 47, in run
    learnt_threshold=learnt_threshold)
    learnt_threshold=learnt_threshold)
TypeError: create() got an unexpected keyword argument 'learnt_threshold'
TypeError: create() got an unexpected keyword argument 'learnt_threshold'
srun: error: csl12: task 0: Exited with exit code 1
srun: error: csl12: task 0: Exited with exit code 1
srun: Terminating job step 55165207.0
srun: Terminating job step 55165208.0
Traceback (most recent call last):
  File "main_triton.py", line 38, in <module>
    main(job_id)
  File "main_triton.py", line 26, in main
    df = run(config=config)
  File "/scratch/work/delac1/active-teaching/run/make_data_triton.py", line 47, in run
    learnt_threshold=learnt_threshold)
TypeError: create() got an unexpected keyword argument 'learnt_threshold'
Traceback (most recent call last):
Traceback (most recent call last):
  File "main_triton.py", line 38, in <module>
  File "main_triton.py", line 38, in <module>
    main(job_id)
    main(job_id)
  File "main_triton.py", line 26, in main
  File "main_triton.py", line 26, in main
    df = run(config=config)
    df = run(config=config)
  File "/scratch/work/delac1/active-teaching/run/make_data_triton.py", line 47, in run
  File "/scratch/work/delac1/active-teaching/run/make_data_triton.py", line 47, in run
    learnt_threshold=learnt_threshold)
    learnt_threshold=learnt_threshold)
TypeError: create() got an unexpected keyword argument 'learnt_threshold'
TypeError: create() got an unexpected keyword argument 'learnt_threshold'
Traceback (most recent call last):
  File "main_triton.py", line 38, in <module>
    main(job_id)
  File "main_triton.py", line 26, in main
    df = run(config=config)
  File "/scratch/work/delac1/active-teaching/run/make_data_triton.py", line 47, in run
    learnt_threshold=learnt_threshold)
TypeError: create() got an unexpected keyword argument 'learnt_threshold'
srun: error: csl17: task 0: Exited with exit code 1
srun: Terminating job step 55165203.0
Traceback (most recent call last):
  File "main_triton.py", line 38, in <module>
    main(job_id)
  File "main_triton.py", line 26, in main
    df = run(config=config)
  File "/scratch/work/delac1/active-teaching/run/make_data_triton.py", line 47, in run
    learnt_threshold=learnt_threshold)
TypeError: create() got an unexpected keyword argument 'learnt_threshold'
Traceback (most recent call last):
  File "main_triton.py", line 38, in <module>
    main(job_id)
  File "main_triton.py", line 26, in main
    df = run(config=config)
  File "/scratch/work/delac1/active-teaching/run/make_data_triton.py", line 47, in run
    learnt_threshold=learnt_threshold)
TypeError: create() got an unexpected keyword argument 'learnt_threshold'
srun: error: csl10: task 0: Exited with exit code 1
srun: Terminating job step 55165229.0
Traceback (most recent call last):
  File "main_triton.py", line 38, in <module>
    main(job_id)
  File "main_triton.py", line 26, in main
    df = run(config=config)
  File "/scratch/work/delac1/active-teaching/run/make_data_triton.py", line 47, in run
    learnt_threshold=learnt_threshold)
TypeError: create() got an unexpected keyword argument 'learnt_threshold'
Traceback (most recent call last):
  File "main_triton.py", line 38, in <module>
    main(job_id)
  File "main_triton.py", line 26, in main
    df = run(config=config)
  File "/scratch/work/delac1/active-teaching/run/make_data_triton.py", line 47, in run
    learnt_threshold=learnt_threshold)
TypeError: create() got an unexpected keyword argument 'learnt_threshold'
Traceback (most recent call last):
  File "main_triton.py", line 38, in <module>
    main(job_id)
  File "main_triton.py", line 26, in main
    df = run(config=config)
  File "/scratch/work/delac1/active-teaching/run/make_data_triton.py", line 47, in run
    learnt_threshold=learnt_threshold)
TypeError: create() got an unexpected keyword argument 'learnt_threshold'
Traceback (most recent call last):
  File "main_triton.py", line 38, in <module>
    main(job_id)
  File "main_triton.py", line 26, in main
    df = run(config=config)
  File "/scratch/work/delac1/active-teaching/run/make_data_triton.py", line 47, in run
    learnt_threshold=learnt_threshold)
TypeError: create() got an unexpected keyword argument 'learnt_threshold'
Traceback (most recent call last):
  File "main_triton.py", line 38, in <module>
    main(job_id)
  File "main_triton.py", line 26, in main
    df = run(config=config)
  File "/scratch/work/delac1/active-teaching/run/make_data_triton.py", line 47, in run
    learnt_threshold=learnt_threshold)
TypeError: create() got an unexpected keyword argument 'learnt_threshold'
Traceback (most recent call last):
  File "main_triton.py", line 38, in <module>
    main(job_id)
  File "main_triton.py", line 26, in main
    df = run(config=config)
  File "/scratch/work/delac1/active-teaching/run/make_data_triton.py", line 47, in run
    learnt_threshold=learnt_threshold)
TypeError: create() got an unexpected keyword argument 'learnt_threshold'
srun: error: csl10: task 0: Exited with exit code 1
srun: Terminating job step 55165213.0
srun: error: csl10: task 0: Exited with exit code 1
srun: Terminating job step 55165216.0
srun: error: csl10: task 0: Exited with exit code 1
srun: Terminating job step 55165209.0
Traceback (most recent call last):
  File "main_triton.py", line 38, in <module>
    main(job_id)
  File "main_triton.py", line 26, in main
    df = run(config=config)
  File "/scratch/work/delac1/active-teaching/run/make_data_triton.py", line 47, in run
    learnt_threshold=learnt_threshold)
TypeError: create() got an unexpected keyword argument 'learnt_threshold'
Traceback (most recent call last):
  File "main_triton.py", line 38, in <module>
    main(job_id)
  File "main_triton.py", line 26, in main
    df = run(config=config)
  File "/scratch/work/delac1/active-teaching/run/make_data_triton.py", line 47, in run
    learnt_threshold=learnt_threshold)
TypeError: create() got an unexpected keyword argument 'learnt_threshold'
Traceback (most recent call last):
  File "main_triton.py", line 38, in <module>
    main(job_id)
  File "main_triton.py", line 26, in main
    df = run(config=config)
  File "/scratch/work/delac1/active-teaching/run/make_data_triton.py", line 47, in run
    learnt_threshold=learnt_threshold)
TypeError: create() got an unexpected keyword argument 'learnt_threshold'
srun: error: csl7: task 0: Exited with exit code 1
srun: Terminating job step 55165238.0
Traceback (most recent call last):
  File "main_triton.py", line 38, in <module>
    main(job_id)
  File "main_triton.py", line 26, in main
    df = run(config=config)
  File "/scratch/work/delac1/active-teaching/run/make_data_triton.py", line 47, in run
    learnt_threshold=learnt_threshold)
TypeError: create() got an unexpected keyword argument 'learnt_threshold'
srun: error: csl10: task 0: Exited with exit code 1
srun: Terminating job step 55165228.0
Traceback (most recent call last):
  File "main_triton.py", line 38, in <module>
    main(job_id)
  File "main_triton.py", line 26, in main
    df = run(config=config)
  File "/scratch/work/delac1/active-teaching/run/make_data_triton.py", line 47, in run
    learnt_threshold=learnt_threshold)
TypeError: create() got an unexpected keyword argument 'learnt_threshold'
srun: error: csl7: task 0: Exited with exit code 1
srun: error: csl7: task 0: Exited with exit code 1
srun: Terminating job step 55165230.0
srun: Terminating job step 55165250.0
srun: error: csl10: task 0: Exited with exit code 1
srun: error: csl10: task 0: Exited with exit code 1
srun: Terminating job step 55165212.0
srun: Terminating job step 55165224.0
Traceback (most recent call last):
  File "main_triton.py", line 38, in <module>
    main(job_id)
  File "main_triton.py", line 26, in main
    df = run(config=config)
  File "/scratch/work/delac1/active-teaching/run/make_data_triton.py", line 47, in run
    learnt_threshold=learnt_threshold)
TypeError: create() got an unexpected keyword argument 'learnt_threshold'
Traceback (most recent call last):
  File "main_triton.py", line 38, in <module>
    main(job_id)
  File "main_triton.py", line 26, in main
    df = run(config=config)
  File "/scratch/work/delac1/active-teaching/run/make_data_triton.py", line 47, in run
    learnt_threshold=learnt_threshold)
TypeError: create() got an unexpected keyword argument 'learnt_threshold'
Traceback (most recent call last):
  File "main_triton.py", line 38, in <module>
    main(job_id)
  File "main_triton.py", line 26, in main
    df = run(config=config)
  File "/scratch/work/delac1/active-teaching/run/make_data_triton.py", line 47, in run
    learnt_threshold=learnt_threshold)
TypeError: create() got an unexpected keyword argument 'learnt_threshold'
srun: error: csl7: task 0: Exited with exit code 1
srun: Terminating job step 55165237.0
Traceback (most recent call last):
  File "main_triton.py", line 38, in <module>
    main(job_id)
  File "main_triton.py", line 26, in main
    df = run(config=config)
  File "/scratch/work/delac1/active-teaching/run/make_data_triton.py", line 47, in run
    learnt_threshold=learnt_threshold)
TypeError: create() got an unexpected keyword argument 'learnt_threshold'
Traceback (most recent call last):
  File "main_triton.py", line 38, in <module>
    main(job_id)
  File "main_triton.py", line 26, in main
    df = run(config=config)
  File "/scratch/work/delac1/active-teaching/run/make_data_triton.py", line 47, in run
    learnt_threshold=learnt_threshold)
TypeError: create() got an unexpected keyword argument 'learnt_threshold'
Traceback (most recent call last):
  File "main_triton.py", line 38, in <module>
    main(job_id)
  File "main_triton.py", line 26, in main
    df = run(config=config)
  File "/scratch/work/delac1/active-teaching/run/make_data_triton.py", line 47, in run
    learnt_threshold=learnt_threshold)
TypeError: create() got an unexpected keyword argument 'learnt_threshold'
Traceback (most recent call last):
  File "main_triton.py", line 38, in <module>
    main(job_id)
  File "main_triton.py", line 26, in main
    df = run(config=config)
  File "/scratch/work/delac1/active-teaching/run/make_data_triton.py", line 47, in run
    learnt_threshold=learnt_threshold)
TypeError: create() got an unexpected keyword argument 'learnt_threshold'
Traceback (most recent call last):
  File "main_triton.py", line 38, in <module>
    main(job_id)
  File "main_triton.py", line 26, in main
    df = run(config=config)
  File "/scratch/work/delac1/active-teaching/run/make_data_triton.py", line 47, in run
    learnt_threshold=learnt_threshold)
TypeError: create() got an unexpected keyword argument 'learnt_threshold'
srun: error: csl7: task 0: Exited with exit code 1
srun: Terminating job step 55165232.0
Traceback (most recent call last):
  File "main_triton.py", line 38, in <module>
    main(job_id)
  File "main_triton.py", line 26, in main
    df = run(config=config)
  File "/scratch/work/delac1/active-teaching/run/make_data_triton.py", line 47, in run
    learnt_threshold=learnt_threshold)
TypeError: create() got an unexpected keyword argument 'learnt_threshold'
Traceback (most recent call last):
  File "main_triton.py", line 38, in <module>
    main(job_id)
  File "main_triton.py", line 26, in main
    df = run(config=config)
  File "/scratch/work/delac1/active-teaching/run/make_data_triton.py", line 47, in run
    learnt_threshold=learnt_threshold)
TypeError: create() got an unexpected keyword argument 'learnt_threshold'
srun: error: csl7: task 0: Exited with exit code 1
srun: Terminating job step 55165247.0
srun: error: csl5: task 0: Exited with exit code 1
srun: Terminating job step 55165271.0
Traceback (most recent call last):
  File "main_triton.py", line 38, in <module>
    main(job_id)
  File "main_triton.py", line 26, in main
    df = run(config=config)
  File "/scratch/work/delac1/active-teaching/run/make_data_triton.py", line 47, in run
    learnt_threshold=learnt_threshold)
TypeError: create() got an unexpected keyword argument 'learnt_threshold'
srun: error: csl10: task 0: Exited with exit code 1
srun: Terminating job step 55165227.0
srun: error: csl7: task 0: Exited with exit code 1
srun: Terminating job step 55165245.0
Traceback (most recent call last):
  File "main_triton.py", line 38, in <module>
    main(job_id)
  File "main_triton.py", line 26, in main
    df = run(config=config)
  File "/scratch/work/delac1/active-teaching/run/make_data_triton.py", line 47, in run
    learnt_threshold=learnt_threshold)
TypeError: create() got an unexpected keyword argument 'learnt_threshold'
Traceback (most recent call last):
  File "main_triton.py", line 38, in <module>
    main(job_id)
  File "main_triton.py", line 26, in main
    df = run(config=config)
  File "/scratch/work/delac1/active-teaching/run/make_data_triton.py", line 47, in run
    learnt_threshold=learnt_threshold)
TypeError: create() got an unexpected keyword argument 'learnt_threshold'
srun: error: csl10: task 0: Exited with exit code 1
srun: Terminating job step 55165223.0
Traceback (most recent call last):
  File "main_triton.py", line 38, in <module>
    main(job_id)
  File "main_triton.py", line 26, in main
    df = run(config=config)
  File "/scratch/work/delac1/active-teaching/run/make_data_triton.py", line 47, in run
    learnt_threshold=learnt_threshold)
TypeError: create() got an unexpected keyword argument 'learnt_threshold'
Traceback (most recent call last):
Traceback (most recent call last):
Traceback (most recent call last):
Traceback (most recent call last):
  File "main_triton.py", line 38, in <module>
  File "main_triton.py", line 38, in <module>
  File "main_triton.py", line 38, in <module>
  File "main_triton.py", line 38, in <module>
    main(job_id)
    main(job_id)
    main(job_id)
    main(job_id)
  File "main_triton.py", line 26, in main
  File "main_triton.py", line 26, in main
  File "main_triton.py", line 26, in main
  File "main_triton.py", line 26, in main
    df = run(config=config)
    df = run(config=config)
    df = run(config=config)
    df = run(config=config)
  File "/scratch/work/delac1/active-teaching/run/make_data_triton.py", line 47, in run
  File "/scratch/work/delac1/active-teaching/run/make_data_triton.py", line 47, in run
  File "/scratch/work/delac1/active-teaching/run/make_data_triton.py", line 47, in run
  File "/scratch/work/delac1/active-teaching/run/make_data_triton.py", line 47, in run
    learnt_threshold=learnt_threshold)
    learnt_threshold=learnt_threshold)
    learnt_threshold=learnt_threshold)
    learnt_threshold=learnt_threshold)
TypeError: create() got an unexpected keyword argument 'learnt_threshold'
TypeError: create() got an unexpected keyword argument 'learnt_threshold'
TypeError: create() got an unexpected keyword argument 'learnt_threshold'
TypeError: create() got an unexpected keyword argument 'learnt_threshold'
Traceback (most recent call last):
  File "main_triton.py", line 38, in <module>
    main(job_id)
  File "main_triton.py", line 26, in main
    df = run(config=config)
  File "/scratch/work/delac1/active-teaching/run/make_data_triton.py", line 47, in run
    learnt_threshold=learnt_threshold)
TypeError: create() got an unexpected keyword argument 'learnt_threshold'
Traceback (most recent call last):
  File "main_triton.py", line 38, in <module>
    main(job_id)
  File "main_triton.py", line 26, in main
    df = run(config=config)
  File "/scratch/work/delac1/active-teaching/run/make_data_triton.py", line 47, in run
    learnt_threshold=learnt_threshold)
TypeError: create() got an unexpected keyword argument 'learnt_threshold'
srun: error: csl5: task 0: Exited with exit code 1
srun: Terminating job step 55165264.0
Traceback (most recent call last):
  File "main_triton.py", line 38, in <module>
    main(job_id)
  File "main_triton.py", line 26, in main
    df = run(config=config)
  File "/scratch/work/delac1/active-teaching/run/make_data_triton.py", line 47, in run
    learnt_threshold=learnt_threshold)
TypeError: create() got an unexpected keyword argument 'learnt_threshold'
srun: error: csl5: task 0: Exited with exit code 1
srun: Terminating job step 55165251.0
srun: error: csl7: task 0: Exited with exit code 1
srun: Terminating job step 55165243.0
Traceback (most recent call last):
  File "main_triton.py", line 38, in <module>
    main(job_id)
  File "main_triton.py", line 26, in main
    df = run(config=config)
  File "/scratch/work/delac1/active-teaching/run/make_data_triton.py", line 47, in run
    learnt_threshold=learnt_threshold)
TypeError: create() got an unexpected keyword argument 'learnt_threshold'
Traceback (most recent call last):
  File "main_triton.py", line 38, in <module>
    main(job_id)
  File "main_triton.py", line 26, in main
    df = run(config=config)
  File "/scratch/work/delac1/active-teaching/run/make_data_triton.py", line 47, in run
    learnt_threshold=learnt_threshold)
TypeError: create() got an unexpected keyword argument 'learnt_threshold'
srun: error: csl10: task 0: Exited with exit code 1
srun: Terminating job step 55165214.0
Traceback (most recent call last):
  File "main_triton.py", line 38, in <module>
    main(job_id)
  File "main_triton.py", line 26, in main
    df = run(config=config)
  File "/scratch/work/delac1/active-teaching/run/make_data_triton.py", line 47, in run
    learnt_threshold=learnt_threshold)
TypeError: create() got an unexpected keyword argument 'learnt_threshold'
Traceback (most recent call last):
  File "main_triton.py", line 38, in <module>
    main(job_id)
  File "main_triton.py", line 26, in main
    df = run(config=config)
  File "/scratch/work/delac1/active-teaching/run/make_data_triton.py", line 47, in run
    learnt_threshold=learnt_threshold)
TypeError: create() got an unexpected keyword argument 'learnt_threshold'
Traceback (most recent call last):
  File "main_triton.py", line 38, in <module>
    main(job_id)
  File "main_triton.py", line 26, in main
    df = run(config=config)
  File "/scratch/work/delac1/active-teaching/run/make_data_triton.py", line 47, in run
    learnt_threshold=learnt_threshold)
TypeError: create() got an unexpected keyword argument 'learnt_threshold'
srun: error: csl5: task 0: Exited with exit code 1
srun: Terminating job step 55165259.0
Traceback (most recent call last):
  File "main_triton.py", line 38, in <module>
    main(job_id)
  File "main_triton.py", line 26, in main
    df = run(config=config)
  File "/scratch/work/delac1/active-teaching/run/make_data_triton.py", line 47, in run
    learnt_threshold=learnt_threshold)
TypeError: create() got an unexpected keyword argument 'learnt_threshold'
srun: error: csl7: task 0: Exited with exit code 1
srun: Terminating job step 55165240.0
srun: error: csl5: task 0: Exited with exit code 1
srun: Terminating job step 55165254.0
Traceback (most recent call last):
  File "main_triton.py", line 38, in <module>
    main(job_id)
  File "main_triton.py", line 26, in main
    df = run(config=config)
  File "/scratch/work/delac1/active-teaching/run/make_data_triton.py", line 47, in run
    learnt_threshold=learnt_threshold)
TypeError: create() got an unexpected keyword argument 'learnt_threshold'
Traceback (most recent call last):
  File "main_triton.py", line 38, in <module>
    main(job_id)
  File "main_triton.py", line 26, in main
    df = run(config=config)
  File "/scratch/work/delac1/active-teaching/run/make_data_triton.py", line 47, in run
    learnt_threshold=learnt_threshold)
TypeError: create() got an unexpected keyword argument 'learnt_threshold'
srun: error: csl2: task 0: Exited with exit code 1
srun: Terminating job step 55165273.0
srun: error: csl10: task 0: Exited with exit code 1
Traceback (most recent call last):
srun: Terminating job step 55165211.0
  File "main_triton.py", line 38, in <module>
    main(job_id)
  File "main_triton.py", line 26, in main
    df = run(config=config)
  File "/scratch/work/delac1/active-teaching/run/make_data_triton.py", line 47, in run
    learnt_threshold=learnt_threshold)
TypeError: create() got an unexpected keyword argument 'learnt_threshold'
srun: error: csl2: task 0: Exited with exit code 1
srun: error: csl2: task 0: Exited with exit code 1
srun: error: csl2: task 0: Exited with exit code 1
srun: error: csl2: task 0: Exited with exit code 1
srun: Terminating job step 55165272.0
srun: Terminating job step 55165275.0
srun: Terminating job step 55165274.0
srun: Terminating job step 55164673.0
srun: error: csl10: task 0: Exited with exit code 1
srun: Terminating job step 55165221.0
srun: error: csl5: task 0: Exited with exit code 1
srun: Terminating job step 55165263.0
Traceback (most recent call last):
  File "main_triton.py", line 38, in <module>
    main(job_id)
  File "main_triton.py", line 26, in main
    df = run(config=config)
  File "/scratch/work/delac1/active-teaching/run/make_data_triton.py", line 47, in run
    learnt_threshold=learnt_threshold)
TypeError: create() got an unexpected keyword argument 'learnt_threshold'
Traceback (most recent call last):
  File "main_triton.py", line 38, in <module>
    main(job_id)
  File "main_triton.py", line 26, in main
    df = run(config=config)
  File "/scratch/work/delac1/active-teaching/run/make_data_triton.py", line 47, in run
    learnt_threshold=learnt_threshold)
TypeError: create() got an unexpected keyword argument 'learnt_threshold'
srun: error: csl7: task 0: Exited with exit code 1
srun: Terminating job step 55165233.0
Traceback (most recent call last):
  File "main_triton.py", line 38, in <module>
    main(job_id)
  File "main_triton.py", line 26, in main
    df = run(config=config)
  File "/scratch/work/delac1/active-teaching/run/make_data_triton.py", line 47, in run
    learnt_threshold=learnt_threshold)
TypeError: create() got an unexpected keyword argument 'learnt_threshold'
srun: error: csl7: task 0: Exited with exit code 1
srun: Terminating job step 55165239.0
srun: error: csl5: task 0: Exited with exit code 1
srun: Terminating job step 55165266.0
srun: error: csl10: task 0: Exited with exit code 1
srun: Terminating job step 55165218.0
Traceback (most recent call last):
  File "main_triton.py", line 38, in <module>
    main(job_id)
  File "main_triton.py", line 26, in main
    df = run(config=config)
  File "/scratch/work/delac1/active-teaching/run/make_data_triton.py", line 47, in run
    learnt_threshold=learnt_threshold)
TypeError: create() got an unexpected keyword argument 'learnt_threshold'
srun: error: csl7: task 0: Exited with exit code 1
srun: Terminating job step 55165242.0
Traceback (most recent call last):
  File "main_triton.py", line 38, in <module>
    main(job_id)
  File "main_triton.py", line 26, in main
    df = run(config=config)
  File "/scratch/work/delac1/active-teaching/run/make_data_triton.py", line 47, in run
    learnt_threshold=learnt_threshold)
TypeError: create() got an unexpected keyword argument 'learnt_threshold'
Traceback (most recent call last):
  File "main_triton.py", line 38, in <module>
    main(job_id)
  File "main_triton.py", line 26, in main
    df = run(config=config)
  File "/scratch/work/delac1/active-teaching/run/make_data_triton.py", line 47, in run
    learnt_threshold=learnt_threshold)
TypeError: create() got an unexpected keyword argument 'learnt_threshold'
srun: error: csl5: task 0: Exited with exit code 1
srun: Terminating job step 55165252.0
Traceback (most recent call last):
  File "main_triton.py", line 38, in <module>
    main(job_id)
  File "main_triton.py", line 26, in main
    df = run(config=config)
  File "/scratch/work/delac1/active-teaching/run/make_data_triton.py", line 47, in run
    learnt_threshold=learnt_threshold)
TypeError: create() got an unexpected keyword argument 'learnt_threshold'
Traceback (most recent call last):
  File "main_triton.py", line 38, in <module>
    main(job_id)
  File "main_triton.py", line 26, in main
    df = run(config=config)
  File "/scratch/work/delac1/active-teaching/run/make_data_triton.py", line 47, in run
    learnt_threshold=learnt_threshold)
TypeError: create() got an unexpected keyword argument 'learnt_threshold'
Traceback (most recent call last):
  File "main_triton.py", line 38, in <module>
    main(job_id)
  File "main_triton.py", line 26, in main
    df = run(config=config)
  File "/scratch/work/delac1/active-teaching/run/make_data_triton.py", line 47, in run
    learnt_threshold=learnt_threshold)
TypeError: create() got an unexpected keyword argument 'learnt_threshold'
Traceback (most recent call last):
  File "main_triton.py", line 38, in <module>
    main(job_id)
  File "main_triton.py", line 26, in main
    df = run(config=config)
  File "/scratch/work/delac1/active-teaching/run/make_data_triton.py", line 47, in run
    learnt_threshold=learnt_threshold)
TypeError: create() got an unexpected keyword argument 'learnt_threshold'
srun: error: csl10: task 0: Exited with exit code 1
srun: Terminating job step 55165226.0
Traceback (most recent call last):
  File "main_triton.py", line 38, in <module>
    main(job_id)
  File "main_triton.py", line 26, in main
    df = run(config=config)
  File "/scratch/work/delac1/active-teaching/run/make_data_triton.py", line 47, in run
    learnt_threshold=learnt_threshold)
TypeError: create() got an unexpected keyword argument 'learnt_threshold'
srun: error: csl10: task 0: Exited with exit code 1
srun: Terminating job step 55165219.0
srun: error: csl5: task 0: Exited with exit code 1
Traceback (most recent call last):
srun: Terminating job step 55165253.0
  File "main_triton.py", line 38, in <module>
    main(job_id)
  File "main_triton.py", line 26, in main
    df = run(config=config)
  File "/scratch/work/delac1/active-teaching/run/make_data_triton.py", line 47, in run
    learnt_threshold=learnt_threshold)
TypeError: create() got an unexpected keyword argument 'learnt_threshold'
Traceback (most recent call last):
  File "main_triton.py", line 38, in <module>
    main(job_id)
  File "main_triton.py", line 26, in main
    df = run(config=config)
  File "/scratch/work/delac1/active-teaching/run/make_data_triton.py", line 47, in run
    learnt_threshold=learnt_threshold)
TypeError: create() got an unexpected keyword argument 'learnt_threshold'
srun: error: csl5: task 0: Exited with exit code 1
srun: Terminating job step 55165260.0
Traceback (most recent call last):
  File "main_triton.py", line 38, in <module>
    main(job_id)
  File "main_triton.py", line 26, in main
    df = run(config=config)
  File "/scratch/work/delac1/active-teaching/run/make_data_triton.py", line 47, in run
    learnt_threshold=learnt_threshold)
TypeError: create() got an unexpected keyword argument 'learnt_threshold'
srun: error: csl7: task 0: Exited with exit code 1
srun: Terminating job step 55165231.0
srun: error: csl10: task 0: Exited with exit code 1
srun: Terminating job step 55165222.0
Traceback (most recent call last):
  File "main_triton.py", line 38, in <module>
    main(job_id)
  File "main_triton.py", line 26, in main
    df = run(config=config)
  File "/scratch/work/delac1/active-teaching/run/make_data_triton.py", line 47, in run
    learnt_threshold=learnt_threshold)
TypeError: create() got an unexpected keyword argument 'learnt_threshold'
Traceback (most recent call last):
srun: error: csl7: task 0: Exited with exit code 1
  File "main_triton.py", line 38, in <module>
srun: Terminating job step 55165234.0
    main(job_id)
  File "main_triton.py", line 26, in main
    df = run(config=config)
  File "/scratch/work/delac1/active-teaching/run/make_data_triton.py", line 47, in run
    learnt_threshold=learnt_threshold)
TypeError: create() got an unexpected keyword argument 'learnt_threshold'
srun: error: csl10: task 0: Exited with exit code 1
srun: Terminating job step 55165215.0
Traceback (most recent call last):
  File "main_triton.py", line 38, in <module>
    main(job_id)
  File "main_triton.py", line 26, in main
    df = run(config=config)
  File "/scratch/work/delac1/active-teaching/run/make_data_triton.py", line 47, in run
    learnt_threshold=learnt_threshold)
TypeError: create() got an unexpected keyword argument 'learnt_threshold'
Traceback (most recent call last):
  File "main_triton.py", line 38, in <module>
    main(job_id)
  File "main_triton.py", line 26, in main
    df = run(config=config)
  File "/scratch/work/delac1/active-teaching/run/make_data_triton.py", line 47, in run
    learnt_threshold=learnt_threshold)
TypeError: create() got an unexpected keyword argument 'learnt_threshold'
srun: error: csl10: task 0: Exited with exit code 1
srun: Terminating job step 55165225.0
srun: error: csl5: task 0: Exited with exit code 1
srun: error: csl7: task 0: Exited with exit code 1
srun: error: csl5: task 0: Exited with exit code 1
srun: Terminating job step 55165236.0
srun: Terminating job step 55165256.0
srun: Terminating job step 55165258.0
Traceback (most recent call last):
  File "main_triton.py", line 38, in <module>
    main(job_id)
  File "main_triton.py", line 26, in main
    df = run(config=config)
  File "/scratch/work/delac1/active-teaching/run/make_data_triton.py", line 47, in run
    learnt_threshold=learnt_threshold)
TypeError: create() got an unexpected keyword argument 'learnt_threshold'
srun: error: csl7: task 0: Exited with exit code 1
srun: Terminating job step 55165246.0
srun: error: csl5: task 0: Exited with exit code 1
srun: Terminating job step 55165268.0
Traceback (most recent call last):
  File "main_triton.py", line 38, in <module>
    main(job_id)
  File "main_triton.py", line 26, in main
    df = run(config=config)
  File "/scratch/work/delac1/active-teaching/run/make_data_triton.py", line 47, in run
    learnt_threshold=learnt_threshold)
TypeError: create() got an unexpected keyword argument 'learnt_threshold'
srun: error: csl5: task 0: Exited with exit code 1
srun: Terminating job step 55165255.0
srun: error: csl7: task 0: Exited with exit code 1
srun: Terminating job step 55165249.0
srun: error: csl10: task 0: Exited with exit code 1
srun: Terminating job step 55165220.0
Traceback (most recent call last):
  File "main_triton.py", line 38, in <module>
    main(job_id)
  File "main_triton.py", line 26, in main
    df = run(config=config)
  File "/scratch/work/delac1/active-teaching/run/make_data_triton.py", line 47, in run
    learnt_threshold=learnt_threshold)
TypeError: create() got an unexpected keyword argument 'learnt_threshold'
srun: error: csl10: task 0: Exited with exit code 1
srun: Terminating job step 55165217.0
srun: error: csl5: task 0: Exited with exit code 1
srun: Terminating job step 55165269.0
srun: error: csl7: task 0: Exited with exit code 1
srun: Terminating job step 55165241.0
srun: error: csl10: task 0: Exited with exit code 1
srun: Terminating job step 55165210.0
srun: error: csl5: task 0: Exited with exit code 1
srun: Terminating job step 55165265.0
srun: error: csl5: task 0: Exited with exit code 1
srun: Terminating job step 55165262.0
srun: error: csl7: task 0: Exited with exit code 1
srun: error: csl7: task 0: Exited with exit code 1
srun: Terminating job step 55165235.0
srun: Terminating job step 55165244.0
srun: error: csl5: task 0: Exited with exit code 1
srun: Terminating job step 55165267.0
Traceback (most recent call last):
  File "main_triton.py", line 38, in <module>
    main(job_id)
  File "main_triton.py", line 26, in main
    df = run(config=config)
  File "/scratch/work/delac1/active-teaching/run/make_data_triton.py", line 47, in run
    learnt_threshold=learnt_threshold)
TypeError: create() got an unexpected keyword argument 'learnt_threshold'
srun: error: csl5: task 0: Exited with exit code 1
srun: Terminating job step 55165261.0
srun: error: csl5: task 0: Exited with exit code 1
srun: Terminating job step 55165270.0
srun: error: csl7: task 0: Exited with exit code 1
srun: Terminating job step 55165248.0
srun: error: csl5: task 0: Exited with exit code 1
srun: Terminating job step 55165257.0
